[ 2015-03-18T10:22:48+08:00 ] 127.0.0.1 /
INFO: [ app_init ] --START--
INFO: Run Behavior\BuildLiteBehavior [ RunTime:0.000000s ]
INFO: [ app_init ] --END-- [ RunTime:0.007000s ]
INFO: [ app_begin ] --START--
INFO: Run Behavior\ReadHtmlCacheBehavior [ RunTime:0.005001s ]
INFO: [ app_begin ] --END-- [ RunTime:0.005001s ]
NOTIC: [8192] mysql_connect(): The mysql extension is deprecated and will be removed in the future: use mysqli or PDO instead C:\Users\sw\Desktop\StudyFoxShop\ThinkPHP\Library\Think\Db\Driver\Mysql.class.php 第 52 行.
SQL: SHOW COLUMNS FROM `studyfox_nav` [ RunTime:0.039002s ]
SQL: SELECT * FROM `studyfox_nav` WHERE ( `type` = 'top' ) ORDER BY sort  [ RunTime:0.001000s ]
SQL: SHOW COLUMNS FROM `studyfox_category` [ RunTime:0.038002s ]
SQL: SELECT * FROM `studyfox_category` WHERE ( cat_pid=0 ) ORDER BY cat_sort  [ RunTime:0.002000s ]
SQL: SELECT * FROM `studyfox_category` WHERE ( 1=1 AND cat_pid='1' ) ORDER BY cat_sort  [ RunTime:0.001000s ]
SQL: SHOW COLUMNS FROM `studyfox_ad` [ RunTime:0.014001s ]
SQL: SELECT * FROM `studyfox_ad` WHERE ( 1=1 AND cat_id='1' ) ORDER BY ad_sort  [ RunTime:0.000000s ]
SQL: SHOW COLUMNS FROM `studyfox_brand` [ RunTime:0.017001s ]
SQL: SELECT * FROM `studyfox_brand` WHERE ( 1=1 AND cat_id='1' ) ORDER BY brand_sort  [ RunTime:0.001000s ]
SQL: SELECT * FROM `studyfox_category` WHERE ( 1=1 AND cat_pid='130' ) ORDER BY cat_sort  [ RunTime:0.001000s ]
SQL: SELECT * FROM `studyfox_ad` WHERE ( 1=1 AND cat_id='130' ) ORDER BY ad_sort  [ RunTime:0.000000s ]
SQL: SELECT * FROM `studyfox_brand` WHERE ( 1=1 AND cat_id='130' ) ORDER BY brand_sort  [ RunTime:0.001000s ]
SQL: SELECT * FROM `studyfox_category` WHERE ( 1=1 AND cat_pid='76' ) ORDER BY cat_sort  [ RunTime:0.001000s ]
SQL: SELECT * FROM `studyfox_ad` WHERE ( 1=1 AND cat_id='76' ) ORDER BY ad_sort  [ RunTime:0.000000s ]
SQL: SELECT * FROM `studyfox_brand` WHERE ( 1=1 AND cat_id='76' ) ORDER BY brand_sort  [ RunTime:0.001001s ]
SQL: SELECT * FROM `studyfox_category` WHERE ( 1=1 AND cat_pid='131' ) ORDER BY cat_sort  [ RunTime:0.001000s ]
SQL: SELECT * FROM `studyfox_ad` WHERE ( 1=1 AND cat_id='131' ) ORDER BY ad_sort  [ RunTime:0.000000s ]
SQL: SELECT * FROM `studyfox_brand` WHERE ( 1=1 AND cat_id='131' ) ORDER BY brand_sort  [ RunTime:0.000000s ]
SQL: SELECT * FROM `studyfox_category` WHERE ( 1=1 AND cat_pid='132' ) ORDER BY cat_sort  [ RunTime:0.000000s ]
SQL: SELECT * FROM `studyfox_ad` WHERE ( 1=1 AND cat_id='132' ) ORDER BY ad_sort  [ RunTime:0.001000s ]
SQL: SELECT * FROM `studyfox_brand` WHERE ( 1=1 AND cat_id='132' ) ORDER BY brand_sort  [ RunTime:0.000000s ]
SQL: SELECT * FROM `studyfox_category` WHERE ( 1=1 AND cat_pid='133' ) ORDER BY cat_sort  [ RunTime:0.001000s ]
SQL: SELECT * FROM `studyfox_ad` WHERE ( 1=1 AND cat_id='133' ) ORDER BY ad_sort  [ RunTime:0.000000s ]
SQL: SELECT * FROM `studyfox_brand` WHERE ( 1=1 AND cat_id='133' ) ORDER BY brand_sort  [ RunTime:0.001000s ]
SQL: SELECT * FROM `studyfox_category` WHERE ( 1=1 AND cat_pid='134' ) ORDER BY cat_sort  [ RunTime:0.001000s ]
SQL: SELECT * FROM `studyfox_ad` WHERE ( 1=1 AND cat_id='134' ) ORDER BY ad_sort  [ RunTime:0.000000s ]
SQL: SELECT * FROM `studyfox_brand` WHERE ( 1=1 AND cat_id='134' ) ORDER BY brand_sort  [ RunTime:0.001000s ]
SQL: SELECT * FROM `studyfox_category` WHERE ( 1=1 AND cat_pid='135' ) ORDER BY cat_sort  [ RunTime:0.000000s ]
SQL: SELECT * FROM `studyfox_ad` WHERE ( 1=1 AND cat_id='135' ) ORDER BY ad_sort  [ RunTime:0.000000s ]
SQL: SELECT * FROM `studyfox_brand` WHERE ( 1=1 AND cat_id='135' ) ORDER BY brand_sort  [ RunTime:0.000000s ]
SQL: SELECT * FROM `studyfox_category` WHERE ( 1=1 AND cat_pid='136' ) ORDER BY cat_sort  [ RunTime:0.001000s ]
SQL: SELECT * FROM `studyfox_ad` WHERE ( 1=1 AND cat_id='136' ) ORDER BY ad_sort  [ RunTime:0.000000s ]
SQL: SELECT * FROM `studyfox_brand` WHERE ( 1=1 AND cat_id='136' ) ORDER BY brand_sort  [ RunTime:0.001000s ]
SQL: SELECT * FROM `studyfox_category` WHERE ( 1=1 AND cat_pid='137' ) ORDER BY cat_sort  [ RunTime:0.001000s ]
SQL: SELECT * FROM `studyfox_ad` WHERE ( 1=1 AND cat_id='137' ) ORDER BY ad_sort  [ RunTime:0.000000s ]
SQL: SELECT * FROM `studyfox_brand` WHERE ( 1=1 AND cat_id='137' ) ORDER BY brand_sort  [ RunTime:0.001000s ]
SQL: SELECT * FROM `studyfox_category` WHERE ( 1=1 AND cat_pid='138' ) ORDER BY cat_sort  [ RunTime:0.000000s ]
SQL: SELECT * FROM `studyfox_ad` WHERE ( 1=1 AND cat_id='138' ) ORDER BY ad_sort  [ RunTime:0.000000s ]
SQL: SELECT * FROM `studyfox_brand` WHERE ( 1=1 AND cat_id='138' ) ORDER BY brand_sort  [ RunTime:0.000000s ]
SQL: SELECT * FROM `studyfox_category` WHERE ( 1=1 AND cat_pid='139' ) ORDER BY cat_sort  [ RunTime:0.001000s ]
SQL: SELECT * FROM `studyfox_ad` WHERE ( 1=1 AND cat_id='139' ) ORDER BY ad_sort  [ RunTime:0.000000s ]
SQL: SELECT * FROM `studyfox_brand` WHERE ( 1=1 AND cat_id='139' ) ORDER BY brand_sort  [ RunTime:0.001000s ]
SQL: SELECT * FROM `studyfox_category` WHERE ( 1=1 AND cat_pid='140' ) ORDER BY cat_sort  [ RunTime:0.000000s ]
SQL: SELECT * FROM `studyfox_ad` WHERE ( 1=1 AND cat_id='140' ) ORDER BY ad_sort  [ RunTime:0.001000s ]
SQL: SELECT * FROM `studyfox_brand` WHERE ( 1=1 AND cat_id='140' ) ORDER BY brand_sort  [ RunTime:0.000000s ]
SQL: SHOW COLUMNS FROM `studyfox_ad` [ RunTime:0.003001s ]
SQL: SELECT * FROM `studyfox_ad` WHERE ( `ad_position` = 2 ) AND ( `ad_type` = 3 ) ORDER BY ad_sort LIMIT 6   [ RunTime:0.001000s ]
SQL: SELECT * FROM `studyfox_ad` WHERE ( `ad_show` = 1 ) AND ( `ad_position` = 3 ) AND ( `ad_type` = 2 ) ORDER BY ad_sort  [ RunTime:0.000000s ]
SQL: SELECT * FROM `studyfox_ad` WHERE ( `ad_position` = 4 ) AND ( `ad_type` = 2 ) AND ( `ad_show` = 1 ) ORDER BY rand() LIMIT 1   [ RunTime:0.000000s ]
SQL: SHOW COLUMNS FROM `studyfox_article` [ RunTime:0.081004s ]
SQL: SELECT * FROM `studyfox_article` ORDER BY article_sort desc  [ RunTime:0.001000s ]
SQL: SHOW COLUMNS FROM `studyfox_floor` [ RunTime:0.016001s ]
SQL: SELECT * FROM `studyfox_floor` WHERE ( pid=0 ) ORDER BY sort  [ RunTime:0.001000s ]
SQL: SELECT * FROM `studyfox_floor` WHERE ( 1=1 AND pid='1' ) ORDER BY sort  [ RunTime:0.001000s ]
SQL: SELECT * FROM `studyfox_floor` WHERE ( 1=1 AND pid='2' ) ORDER BY sort  [ RunTime:0.001000s ]
SQL: SELECT * FROM `studyfox_floor` WHERE ( 1=1 AND pid='3' ) ORDER BY sort  [ RunTime:0.000000s ]
SQL: SELECT * FROM `studyfox_floor` WHERE ( 1=1 AND pid='4' ) ORDER BY sort  [ RunTime:0.000000s ]
SQL: SELECT * FROM `studyfox_floor` WHERE ( 1=1 AND pid='5' ) ORDER BY sort  [ RunTime:0.001000s ]
SQL: SELECT * FROM `studyfox_floor` WHERE ( 1=1 AND pid='6' ) ORDER BY sort  [ RunTime:0.000000s ]
SQL: SELECT * FROM `studyfox_floor` WHERE ( 1=1 AND pid='7' ) ORDER BY sort  [ RunTime:0.000000s ]
SQL: SELECT * FROM `studyfox_floor` WHERE ( 1=1 AND pid='8' ) ORDER BY sort  [ RunTime:0.001000s ]
INFO: [ view_parse ] --START--
INFO: [ template_filter ] --START--
INFO: Run Behavior\ContentReplaceBehavior [ RunTime:0.000000s ]
INFO: [ template_filter ] --END-- [ RunTime:0.000000s ]
SQL: SHOW COLUMNS FROM `studyfox_category` [ RunTime:0.005001s ]
SQL: SELECT * FROM `studyfox_category` WHERE ( `cat_pid` = 2 ) ORDER BY cat_sort  [ RunTime:0.001000s ]
NOTIC: [8] Undefined variable: retcatname C:\Users\sw\Desktop\StudyFoxShop\Application\Index\Common\function.php 第 10 行.
SQL: SELECT * FROM `studyfox_category` WHERE ( `cat_pid` = 10 ) ORDER BY cat_sort  [ RunTime:0.001000s ]
NOTIC: [8] Undefined variable: retcatname C:\Users\sw\Desktop\StudyFoxShop\Application\Index\Common\function.php 第 10 行.
SQL: SELECT * FROM `studyfox_category` WHERE ( `cat_pid` = 17 ) ORDER BY cat_sort  [ RunTime:0.001000s ]
NOTIC: [8] Undefined variable: retcatname C:\Users\sw\Desktop\StudyFoxShop\Application\Index\Common\function.php 第 10 行.
SQL: SELECT * FROM `studyfox_category` WHERE ( `cat_pid` = 22 ) ORDER BY cat_sort  [ RunTime:0.000000s ]
NOTIC: [8] Undefined variable: retcatname C:\Users\sw\Desktop\StudyFoxShop\Application\Index\Common\function.php 第 10 行.
SQL: SELECT * FROM `studyfox_category` WHERE ( `cat_pid` = 28 ) ORDER BY cat_sort  [ RunTime:0.001000s ]
NOTIC: [8] Undefined variable: retcatname C:\Users\sw\Desktop\StudyFoxShop\Application\Index\Common\function.php 第 10 行.
SQL: SELECT * FROM `studyfox_category` WHERE ( `cat_pid` = 35 ) ORDER BY cat_sort  [ RunTime:0.000000s ]
NOTIC: [8] Undefined variable: retcatname C:\Users\sw\Desktop\StudyFoxShop\Application\Index\Common\function.php 第 10 行.
SQL: SELECT * FROM `studyfox_category` WHERE ( `cat_pid` = 40 ) ORDER BY cat_sort  [ RunTime:0.000000s ]
NOTIC: [8] Undefined variable: retcatname C:\Users\sw\Desktop\StudyFoxShop\Application\Index\Common\function.php 第 10 行.
SQL: SELECT * FROM `studyfox_category` WHERE ( `cat_pid` = 51 ) ORDER BY cat_sort  [ RunTime:0.001000s ]
NOTIC: [8] Undefined variable: retcatname C:\Users\sw\Desktop\StudyFoxShop\Application\Index\Common\function.php 第 10 行.
SQL: SELECT * FROM `studyfox_category` WHERE ( `cat_pid` = 60 ) ORDER BY cat_sort  [ RunTime:0.000000s ]
NOTIC: [8] Undefined variable: retcatname C:\Users\sw\Desktop\StudyFoxShop\Application\Index\Common\function.php 第 10 行.
SQL: SELECT * FROM `studyfox_category` WHERE ( `cat_pid` = 66 ) ORDER BY cat_sort  [ RunTime:0.000000s ]
NOTIC: [8] Undefined variable: retcatname C:\Users\sw\Desktop\StudyFoxShop\Application\Index\Common\function.php 第 10 行.
SQL: SELECT * FROM `studyfox_category` WHERE ( `cat_pid` = 70 ) ORDER BY cat_sort  [ RunTime:0.001000s ]
NOTIC: [8] Undefined variable: retcatname C:\Users\sw\Desktop\StudyFoxShop\Application\Index\Common\function.php 第 10 行.
SQL: SELECT * FROM `studyfox_category` WHERE ( `cat_pid` = 141 ) ORDER BY cat_sort  [ RunTime:0.001000s ]
NOTIC: [8] Undefined variable: retcatname C:\Users\sw\Desktop\StudyFoxShop\Application\Index\Common\function.php 第 10 行.
SQL: SELECT * FROM `studyfox_category` WHERE ( `cat_pid` = 154 ) ORDER BY cat_sort  [ RunTime:0.000000s ]
NOTIC: [8] Undefined variable: retcatname C:\Users\sw\Desktop\StudyFoxShop\Application\Index\Common\function.php 第 10 行.
SQL: SELECT * FROM `studyfox_category` WHERE ( `cat_pid` = 155 ) ORDER BY cat_sort  [ RunTime:0.001000s ]
NOTIC: [8] Undefined variable: retcatname C:\Users\sw\Desktop\StudyFoxShop\Application\Index\Common\function.php 第 10 行.
SQL: SELECT * FROM `studyfox_category` WHERE ( `cat_pid` = 156 ) ORDER BY cat_sort  [ RunTime:0.001000s ]
NOTIC: [8] Undefined variable: retcatname C:\Users\sw\Desktop\StudyFoxShop\Application\Index\Common\function.php 第 10 行.
SQL: SELECT * FROM `studyfox_category` WHERE ( `cat_pid` = 157 ) ORDER BY cat_sort  [ RunTime:0.000000s ]
NOTIC: [8] Undefined variable: retcatname C:\Users\sw\Desktop\StudyFoxShop\Application\Index\Common\function.php 第 10 行.
SQL: SELECT * FROM `studyfox_category` WHERE ( `cat_pid` = 77 ) ORDER BY cat_sort  [ RunTime:0.001000s ]
NOTIC: [8] Undefined variable: retcatname C:\Users\sw\Desktop\StudyFoxShop\Application\Index\Common\function.php 第 10 行.
SQL: SELECT * FROM `studyfox_category` WHERE ( `cat_pid` = 80 ) ORDER BY cat_sort  [ RunTime:0.001000s ]
NOTIC: [8] Undefined variable: retcatname C:\Users\sw\Desktop\StudyFoxShop\Application\Index\Common\function.php 第 10 行.
SQL: SELECT * FROM `studyfox_category` WHERE ( `cat_pid` = 84 ) ORDER BY cat_sort  [ RunTime:0.000000s ]
NOTIC: [8] Undefined variable: retcatname C:\Users\sw\Desktop\StudyFoxShop\Application\Index\Common\function.php 第 10 行.
SQL: SELECT * FROM `studyfox_category` WHERE ( `cat_pid` = 95 ) ORDER BY cat_sort  [ RunTime:0.001000s ]
NOTIC: [8] Undefined variable: retcatname C:\Users\sw\Desktop\StudyFoxShop\Application\Index\Common\function.php 第 10 行.
SQL: SELECT * FROM `studyfox_category` WHERE ( `cat_pid` = 102 ) ORDER BY cat_sort  [ RunTime:0.000000s ]
NOTIC: [8] Undefined variable: retcatname C:\Users\sw\Desktop\StudyFoxShop\Application\Index\Common\function.php 第 10 行.
SQL: SELECT * FROM `studyfox_category` WHERE ( `cat_pid` = 115 ) ORDER BY cat_sort  [ RunTime:0.000000s ]
NOTIC: [8] Undefined variable: retcatname C:\Users\sw\Desktop\StudyFoxShop\Application\Index\Common\function.php 第 10 行.
SQL: SELECT * FROM `studyfox_category` WHERE ( `cat_pid` = 223 ) ORDER BY cat_sort  [ RunTime:0.001000s ]
NOTIC: [8] Undefined variable: retcatname C:\Users\sw\Desktop\StudyFoxShop\Application\Index\Common\function.php 第 10 行.
SQL: SELECT * FROM `studyfox_category` WHERE ( `cat_pid` = 224 ) ORDER BY cat_sort  [ RunTime:0.001000s ]
NOTIC: [8] Undefined variable: retcatname C:\Users\sw\Desktop\StudyFoxShop\Application\Index\Common\function.php 第 10 行.
SQL: SELECT * FROM `studyfox_category` WHERE ( `cat_pid` = 225 ) ORDER BY cat_sort  [ RunTime:0.000000s ]
NOTIC: [8] Undefined variable: retcatname C:\Users\sw\Desktop\StudyFoxShop\Application\Index\Common\function.php 第 10 行.
SQL: SELECT * FROM `studyfox_category` WHERE ( `cat_pid` = 226 ) ORDER BY cat_sort  [ RunTime:0.001000s ]
NOTIC: [8] Undefined variable: retcatname C:\Users\sw\Desktop\StudyFoxShop\Application\Index\Common\function.php 第 10 行.
SQL: SELECT * FROM `studyfox_category` WHERE ( `cat_pid` = 227 ) ORDER BY cat_sort  [ RunTime:0.001000s ]
NOTIC: [8] Undefined variable: retcatname C:\Users\sw\Desktop\StudyFoxShop\Application\Index\Common\function.php 第 10 行.
SQL: SELECT * FROM `studyfox_category` WHERE ( `cat_pid` = 228 ) ORDER BY cat_sort  [ RunTime:0.000000s ]
NOTIC: [8] Undefined variable: retcatname C:\Users\sw\Desktop\StudyFoxShop\Application\Index\Common\function.php 第 10 行.
SQL: SELECT * FROM `studyfox_category` WHERE ( `cat_pid` = 229 ) ORDER BY cat_sort  [ RunTime:0.001000s ]
NOTIC: [8] Undefined variable: retcatname C:\Users\sw\Desktop\StudyFoxShop\Application\Index\Common\function.php 第 10 行.
SQL: SELECT * FROM `studyfox_category` WHERE ( `cat_pid` = 352 ) ORDER BY cat_sort  [ RunTime:0.001000s ]
NOTIC: [8] Undefined variable: retcatname C:\Users\sw\Desktop\StudyFoxShop\Application\Index\Common\function.php 第 10 行.
SQL: SELECT * FROM `studyfox_category` WHERE ( `cat_pid` = 353 ) ORDER BY cat_sort  [ RunTime:0.000000s ]
NOTIC: [8] Undefined variable: retcatname C:\Users\sw\Desktop\StudyFoxShop\Application\Index\Common\function.php 第 10 行.
SQL: SELECT * FROM `studyfox_category` WHERE ( `cat_pid` = 354 ) ORDER BY cat_sort  [ RunTime:0.001000s ]
NOTIC: [8] Undefined variable: retcatname C:\Users\sw\Desktop\StudyFoxShop\Application\Index\Common\function.php 第 10 行.
SQL: SELECT * FROM `studyfox_category` WHERE ( `cat_pid` = 355 ) ORDER BY cat_sort  [ RunTime:0.001000s ]
NOTIC: [8] Undefined variable: retcatname C:\Users\sw\Desktop\StudyFoxShop\Application\Index\Common\function.php 第 10 行.
SQL: SELECT * FROM `studyfox_category` WHERE ( `cat_pid` = 356 ) ORDER BY cat_sort  [ RunTime:0.000000s ]
NOTIC: [8] Undefined variable: retcatname C:\Users\sw\Desktop\StudyFoxShop\Application\Index\Common\function.php 第 10 行.
SQL: SELECT * FROM `studyfox_category` WHERE ( `cat_pid` = 357 ) ORDER BY cat_sort  [ RunTime:0.001000s ]
NOTIC: [8] Undefined variable: retcatname C:\Users\sw\Desktop\StudyFoxShop\Application\Index\Common\function.php 第 10 行.
SQL: SELECT * FROM `studyfox_category` WHERE ( `cat_pid` = 358 ) ORDER BY cat_sort  [ RunTime:0.000000s ]
NOTIC: [8] Undefined variable: retcatname C:\Users\sw\Desktop\StudyFoxShop\Application\Index\Common\function.php 第 10 行.
SQL: SELECT * FROM `studyfox_category` WHERE ( `cat_pid` = 359 ) ORDER BY cat_sort  [ RunTime:0.000000s ]
NOTIC: [8] Undefined variable: retcatname C:\Users\sw\Desktop\StudyFoxShop\Application\Index\Common\function.php 第 10 行.
SQL: SELECT * FROM `studyfox_category` WHERE ( `cat_pid` = 360 ) ORDER BY cat_sort  [ RunTime:0.001000s ]
NOTIC: [8] Undefined variable: retcatname C:\Users\sw\Desktop\StudyFoxShop\Application\Index\Common\function.php 第 10 行.
SQL: SELECT * FROM `studyfox_category` WHERE ( `cat_pid` = 435 ) ORDER BY cat_sort  [ RunTime:0.001000s ]
NOTIC: [8] Undefined variable: retcatname C:\Users\sw\Desktop\StudyFoxShop\Application\Index\Common\function.php 第 10 行.
SQL: SELECT * FROM `studyfox_category` WHERE ( `cat_pid` = 436 ) ORDER BY cat_sort  [ RunTime:0.000000s ]
NOTIC: [8] Undefined variable: retcatname C:\Users\sw\Desktop\StudyFoxShop\Application\Index\Common\function.php 第 10 行.
SQL: SELECT * FROM `studyfox_category` WHERE ( `cat_pid` = 437 ) ORDER BY cat_sort  [ RunTime:0.001000s ]
NOTIC: [8] Undefined variable: retcatname C:\Users\sw\Desktop\StudyFoxShop\Application\Index\Common\function.php 第 10 行.
SQL: SELECT * FROM `studyfox_category` WHERE ( `cat_pid` = 438 ) ORDER BY cat_sort  [ RunTime:0.001000s ]
NOTIC: [8] Undefined variable: retcatname C:\Users\sw\Desktop\StudyFoxShop\Application\Index\Common\function.php 第 10 行.
SQL: SELECT * FROM `studyfox_category` WHERE ( `cat_pid` = 439 ) ORDER BY cat_sort  [ RunTime:0.000000s ]
NOTIC: [8] Undefined variable: retcatname C:\Users\sw\Desktop\StudyFoxShop\Application\Index\Common\function.php 第 10 行.
SQL: SELECT * FROM `studyfox_category` WHERE ( `cat_pid` = 440 ) ORDER BY cat_sort  [ RunTime:0.001000s ]
NOTIC: [8] Undefined variable: retcatname C:\Users\sw\Desktop\StudyFoxShop\Application\Index\Common\function.php 第 10 行.
SQL: SELECT * FROM `studyfox_category` WHERE ( `cat_pid` = 441 ) ORDER BY cat_sort  [ RunTime:0.001000s ]
NOTIC: [8] Undefined variable: retcatname C:\Users\sw\Desktop\StudyFoxShop\Application\Index\Common\function.php 第 10 行.
SQL: SELECT * FROM `studyfox_category` WHERE ( `cat_pid` = 442 ) ORDER BY cat_sort  [ RunTime:0.000000s ]
NOTIC: [8] Undefined variable: retcatname C:\Users\sw\Desktop\StudyFoxShop\Application\Index\Common\function.php 第 10 行.
SQL: SELECT * FROM `studyfox_category` WHERE ( `cat_pid` = 559 ) ORDER BY cat_sort  [ RunTime:0.001001s ]
NOTIC: [8] Undefined variable: retcatname C:\Users\sw\Desktop\StudyFoxShop\Application\Index\Common\function.php 第 10 行.
SQL: SELECT * FROM `studyfox_category` WHERE ( `cat_pid` = 560 ) ORDER BY cat_sort  [ RunTime:0.001000s ]
NOTIC: [8] Undefined variable: retcatname C:\Users\sw\Desktop\StudyFoxShop\Application\Index\Common\function.php 第 10 行.
SQL: SELECT * FROM `studyfox_category` WHERE ( `cat_pid` = 561 ) ORDER BY cat_sort  [ RunTime:0.000000s ]
NOTIC: [8] Undefined variable: retcatname C:\Users\sw\Desktop\StudyFoxShop\Application\Index\Common\function.php 第 10 行.
SQL: SELECT * FROM `studyfox_category` WHERE ( `cat_pid` = 562 ) ORDER BY cat_sort  [ RunTime:0.001000s ]
NOTIC: [8] Undefined variable: retcatname C:\Users\sw\Desktop\StudyFoxShop\Application\Index\Common\function.php 第 10 行.
SQL: SELECT * FROM `studyfox_category` WHERE ( `cat_pid` = 563 ) ORDER BY cat_sort  [ RunTime:0.001000s ]
NOTIC: [8] Undefined variable: retcatname C:\Users\sw\Desktop\StudyFoxShop\Application\Index\Common\function.php 第 10 行.
SQL: SELECT * FROM `studyfox_category` WHERE ( `cat_pid` = 564 ) ORDER BY cat_sort  [ RunTime:0.000000s ]
NOTIC: [8] Undefined variable: retcatname C:\Users\sw\Desktop\StudyFoxShop\Application\Index\Common\function.php 第 10 行.
SQL: SELECT * FROM `studyfox_category` WHERE ( `cat_pid` = 565 ) ORDER BY cat_sort  [ RunTime:0.001000s ]
NOTIC: [8] Undefined variable: retcatname C:\Users\sw\Desktop\StudyFoxShop\Application\Index\Common\function.php 第 10 行.
SQL: SELECT * FROM `studyfox_category` WHERE ( `cat_pid` = 618 ) ORDER BY cat_sort  [ RunTime:0.001000s ]
NOTIC: [8] Undefined variable: retcatname C:\Users\sw\Desktop\StudyFoxShop\Application\Index\Common\function.php 第 10 行.
SQL: SELECT * FROM `studyfox_category` WHERE ( `cat_pid` = 619 ) ORDER BY cat_sort  [ RunTime:0.000000s ]
NOTIC: [8] Undefined variable: retcatname C:\Users\sw\Desktop\StudyFoxShop\Application\Index\Common\function.php 第 10 行.
SQL: SELECT * FROM `studyfox_category` WHERE ( `cat_pid` = 620 ) ORDER BY cat_sort  [ RunTime:0.001000s ]
NOTIC: [8] Undefined variable: retcatname C:\Users\sw\Desktop\StudyFoxShop\Application\Index\Common\function.php 第 10 行.
SQL: SELECT * FROM `studyfox_category` WHERE ( `cat_pid` = 621 ) ORDER BY cat_sort  [ RunTime:0.000000s ]
NOTIC: [8] Undefined variable: retcatname C:\Users\sw\Desktop\StudyFoxShop\Application\Index\Common\function.php 第 10 行.
SQL: SELECT * FROM `studyfox_category` WHERE ( `cat_pid` = 622 ) ORDER BY cat_sort  [ RunTime:0.000000s ]
NOTIC: [8] Undefined variable: retcatname C:\Users\sw\Desktop\StudyFoxShop\Application\Index\Common\function.php 第 10 行.
SQL: SELECT * FROM `studyfox_category` WHERE ( `cat_pid` = 623 ) ORDER BY cat_sort  [ RunTime:0.001000s ]
NOTIC: [8] Undefined variable: retcatname C:\Users\sw\Desktop\StudyFoxShop\Application\Index\Common\function.php 第 10 行.
SQL: SELECT * FROM `studyfox_category` WHERE ( `cat_pid` = 624 ) ORDER BY cat_sort  [ RunTime:0.000000s ]
NOTIC: [8] Undefined variable: retcatname C:\Users\sw\Desktop\StudyFoxShop\Application\Index\Common\function.php 第 10 行.
SQL: SELECT * FROM `studyfox_category` WHERE ( `cat_pid` = 625 ) ORDER BY cat_sort  [ RunTime:0.001000s ]
NOTIC: [8] Undefined variable: retcatname C:\Users\sw\Desktop\StudyFoxShop\Application\Index\Common\function.php 第 10 行.
SQL: SELECT * FROM `studyfox_category` WHERE ( `cat_pid` = 689 ) ORDER BY cat_sort  [ RunTime:0.001000s ]
NOTIC: [8] Undefined variable: retcatname C:\Users\sw\Desktop\StudyFoxShop\Application\Index\Common\function.php 第 10 行.
SQL: SELECT * FROM `studyfox_category` WHERE ( `cat_pid` = 690 ) ORDER BY cat_sort  [ RunTime:0.000000s ]
NOTIC: [8] Undefined variable: retcatname C:\Users\sw\Desktop\StudyFoxShop\Application\Index\Common\function.php 第 10 行.
SQL: SELECT * FROM `studyfox_category` WHERE ( `cat_pid` = 691 ) ORDER BY cat_sort  [ RunTime:0.001000s ]
NOTIC: [8] Undefined variable: retcatname C:\Users\sw\Desktop\StudyFoxShop\Application\Index\Common\function.php 第 10 行.
SQL: SELECT * FROM `studyfox_category` WHERE ( `cat_pid` = 692 ) ORDER BY cat_sort  [ RunTime:0.001000s ]
NOTIC: [8] Undefined variable: retcatname C:\Users\sw\Desktop\StudyFoxShop\Application\Index\Common\function.php 第 10 行.
SQL: SELECT * FROM `studyfox_category` WHERE ( `cat_pid` = 693 ) ORDER BY cat_sort  [ RunTime:0.000000s ]
NOTIC: [8] Undefined variable: retcatname C:\Users\sw\Desktop\StudyFoxShop\Application\Index\Common\function.php 第 10 行.
SQL: SELECT * FROM `studyfox_category` WHERE ( `cat_pid` = 694 ) ORDER BY cat_sort  [ RunTime:0.001000s ]
NOTIC: [8] Undefined variable: retcatname C:\Users\sw\Desktop\StudyFoxShop\Application\Index\Common\function.php 第 10 行.
SQL: SELECT * FROM `studyfox_category` WHERE ( `cat_pid` = 695 ) ORDER BY cat_sort  [ RunTime:0.001000s ]
NOTIC: [8] Undefined variable: retcatname C:\Users\sw\Desktop\StudyFoxShop\Application\Index\Common\function.php 第 10 行.
SQL: SELECT * FROM `studyfox_category` WHERE ( `cat_pid` = 696 ) ORDER BY cat_sort  [ RunTime:0.001000s ]
NOTIC: [8] Undefined variable: retcatname C:\Users\sw\Desktop\StudyFoxShop\Application\Index\Common\function.php 第 10 行.
SQL: SELECT * FROM `studyfox_category` WHERE ( `cat_pid` = 756 ) ORDER BY cat_sort  [ RunTime:0.001000s ]
NOTIC: [8] Undefined variable: retcatname C:\Users\sw\Desktop\StudyFoxShop\Application\Index\Common\function.php 第 10 行.
SQL: SELECT * FROM `studyfox_category` WHERE ( `cat_pid` = 757 ) ORDER BY cat_sort  [ RunTime:0.000000s ]
NOTIC: [8] Undefined variable: retcatname C:\Users\sw\Desktop\StudyFoxShop\Application\Index\Common\function.php 第 10 行.
SQL: SELECT * FROM `studyfox_category` WHERE ( `cat_pid` = 758 ) ORDER BY cat_sort  [ RunTime:0.001000s ]
NOTIC: [8] Undefined variable: retcatname C:\Users\sw\Desktop\StudyFoxShop\Application\Index\Common\function.php 第 10 行.
SQL: SELECT * FROM `studyfox_category` WHERE ( `cat_pid` = 759 ) ORDER BY cat_sort  [ RunTime:0.001001s ]
NOTIC: [8] Undefined variable: retcatname C:\Users\sw\Desktop\StudyFoxShop\Application\Index\Common\function.php 第 10 行.
SQL: SELECT * FROM `studyfox_category` WHERE ( `cat_pid` = 760 ) ORDER BY cat_sort  [ RunTime:0.001000s ]
NOTIC: [8] Undefined variable: retcatname C:\Users\sw\Desktop\StudyFoxShop\Application\Index\Common\function.php 第 10 行.
SQL: SELECT * FROM `studyfox_category` WHERE ( `cat_pid` = 761 ) ORDER BY cat_sort  [ RunTime:0.000000s ]
NOTIC: [8] Undefined variable: retcatname C:\Users\sw\Desktop\StudyFoxShop\Application\Index\Common\function.php 第 10 行.
SQL: SELECT * FROM `studyfox_category` WHERE ( `cat_pid` = 762 ) ORDER BY cat_sort  [ RunTime:0.000000s ]
NOTIC: [8] Undefined variable: retcatname C:\Users\sw\Desktop\StudyFoxShop\Application\Index\Common\function.php 第 10 行.
SQL: SELECT * FROM `studyfox_category` WHERE ( `cat_pid` = 850 ) ORDER BY cat_sort  [ RunTime:0.001000s ]
NOTIC: [8] Undefined variable: retcatname C:\Users\sw\Desktop\StudyFoxShop\Application\Index\Common\function.php 第 10 行.
SQL: SELECT * FROM `studyfox_category` WHERE ( `cat_pid` = 851 ) ORDER BY cat_sort  [ RunTime:0.001000s ]
NOTIC: [8] Undefined variable: retcatname C:\Users\sw\Desktop\StudyFoxShop\Application\Index\Common\function.php 第 10 行.
SQL: SELECT * FROM `studyfox_category` WHERE ( `cat_pid` = 852 ) ORDER BY cat_sort  [ RunTime:0.001000s ]
NOTIC: [8] Undefined variable: retcatname C:\Users\sw\Desktop\StudyFoxShop\Application\Index\Common\function.php 第 10 行.
SQL: SELECT * FROM `studyfox_category` WHERE ( `cat_pid` = 853 ) ORDER BY cat_sort  [ RunTime:0.000000s ]
NOTIC: [8] Undefined variable: retcatname C:\Users\sw\Desktop\StudyFoxShop\Application\Index\Common\function.php 第 10 行.
SQL: SELECT * FROM `studyfox_category` WHERE ( `cat_pid` = 854 ) ORDER BY cat_sort  [ RunTime:0.001000s ]
NOTIC: [8] Undefined variable: retcatname C:\Users\sw\Desktop\StudyFoxShop\Application\Index\Common\function.php 第 10 行.
SQL: SELECT * FROM `studyfox_category` WHERE ( `cat_pid` = 855 ) ORDER BY cat_sort  [ RunTime:0.001000s ]
NOTIC: [8] Undefined variable: retcatname C:\Users\sw\Desktop\StudyFoxShop\Application\Index\Common\function.php 第 10 行.
SQL: SELECT * FROM `studyfox_category` WHERE ( `cat_pid` = 856 ) ORDER BY cat_sort  [ RunTime:0.000000s ]
NOTIC: [8] Undefined variable: retcatname C:\Users\sw\Desktop\StudyFoxShop\Application\Index\Common\function.php 第 10 行.
SQL: SELECT * FROM `studyfox_category` WHERE ( `cat_pid` = 857 ) ORDER BY cat_sort  [ RunTime:0.000000s ]
NOTIC: [8] Undefined variable: retcatname C:\Users\sw\Desktop\StudyFoxShop\Application\Index\Common\function.php 第 10 行.
SQL: SELECT * FROM `studyfox_category` WHERE ( `cat_pid` = 858 ) ORDER BY cat_sort  [ RunTime:0.001000s ]
NOTIC: [8] Undefined variable: retcatname C:\Users\sw\Desktop\StudyFoxShop\Application\Index\Common\function.php 第 10 行.
SQL: SELECT * FROM `studyfox_category` WHERE ( `cat_pid` = 935 ) ORDER BY cat_sort  [ RunTime:0.001000s ]
NOTIC: [8] Undefined variable: retcatname C:\Users\sw\Desktop\StudyFoxShop\Application\Index\Common\function.php 第 10 行.
SQL: SELECT * FROM `studyfox_category` WHERE ( `cat_pid` = 936 ) ORDER BY cat_sort  [ RunTime:0.000000s ]
NOTIC: [8] Undefined variable: retcatname C:\Users\sw\Desktop\StudyFoxShop\Application\Index\Common\function.php 第 10 行.
SQL: SELECT * FROM `studyfox_category` WHERE ( `cat_pid` = 937 ) ORDER BY cat_sort  [ RunTime:0.001000s ]
NOTIC: [8] Undefined variable: retcatname C:\Users\sw\Desktop\StudyFoxShop\Application\Index\Common\function.php 第 10 行.
SQL: SELECT * FROM `studyfox_category` WHERE ( `cat_pid` = 938 ) ORDER BY cat_sort  [ RunTime:0.001000s ]
NOTIC: [8] Undefined variable: retcatname C:\Users\sw\Desktop\StudyFoxShop\Application\Index\Common\function.php 第 10 行.
SQL: SELECT * FROM `studyfox_category` WHERE ( `cat_pid` = 939 ) ORDER BY cat_sort  [ RunTime:0.000000s ]
NOTIC: [8] Undefined variable: retcatname C:\Users\sw\Desktop\StudyFoxShop\Application\Index\Common\function.php 第 10 行.
SQL: SELECT * FROM `studyfox_category` WHERE ( `cat_pid` = 940 ) ORDER BY cat_sort  [ RunTime:0.001000s ]
NOTIC: [8] Undefined variable: retcatname C:\Users\sw\Desktop\StudyFoxShop\Application\Index\Common\function.php 第 10 行.
SQL: SELECT * FROM `studyfox_category` WHERE ( `cat_pid` = 941 ) ORDER BY cat_sort  [ RunTime:0.000000s ]
NOTIC: [8] Undefined variable: retcatname C:\Users\sw\Desktop\StudyFoxShop\Application\Index\Common\function.php 第 10 行.
SQL: SELECT * FROM `studyfox_category` WHERE ( `cat_pid` = 942 ) ORDER BY cat_sort  [ RunTime:0.000000s ]
NOTIC: [8] Undefined variable: retcatname C:\Users\sw\Desktop\StudyFoxShop\Application\Index\Common\function.php 第 10 行.
SQL: SELECT * FROM `studyfox_category` WHERE ( `cat_pid` = 943 ) ORDER BY cat_sort  [ RunTime:0.001000s ]
NOTIC: [8] Undefined variable: retcatname C:\Users\sw\Desktop\StudyFoxShop\Application\Index\Common\function.php 第 10 行.
SQL: SELECT * FROM `studyfox_category` WHERE ( `cat_pid` = 944 ) ORDER BY cat_sort  [ RunTime:0.000000s ]
NOTIC: [8] Undefined variable: retcatname C:\Users\sw\Desktop\StudyFoxShop\Application\Index\Common\function.php 第 10 行.
SQL: SELECT * FROM `studyfox_category` WHERE ( `cat_pid` = 303 ) ORDER BY cat_sort  [ RunTime:0.000000s ]
NOTIC: [8] Undefined variable: retcatname C:\Users\sw\Desktop\StudyFoxShop\Application\Index\Common\function.php 第 10 行.
SQL: SELECT * FROM `studyfox_category` WHERE ( `cat_pid` = 304 ) ORDER BY cat_sort  [ RunTime:0.000000s ]
NOTIC: [8] Undefined variable: retcatname C:\Users\sw\Desktop\StudyFoxShop\Application\Index\Common\function.php 第 10 行.
SQL: SELECT * FROM `studyfox_category` WHERE ( `cat_pid` = 305 ) ORDER BY cat_sort  [ RunTime:0.001000s ]
NOTIC: [8] Undefined variable: retcatname C:\Users\sw\Desktop\StudyFoxShop\Application\Index\Common\function.php 第 10 行.
SQL: SELECT * FROM `studyfox_category` WHERE ( `cat_pid` = 306 ) ORDER BY cat_sort  [ RunTime:0.000000s ]
NOTIC: [8] Undefined variable: retcatname C:\Users\sw\Desktop\StudyFoxShop\Application\Index\Common\function.php 第 10 行.
SQL: SELECT * FROM `studyfox_category` WHERE ( `cat_pid` = 307 ) ORDER BY cat_sort  [ RunTime:0.001000s ]
NOTIC: [8] Undefined variable: retcatname C:\Users\sw\Desktop\StudyFoxShop\Application\Index\Common\function.php 第 10 行.
SQL: SELECT * FROM `studyfox_category` WHERE ( `cat_pid` = 308 ) ORDER BY cat_sort  [ RunTime:0.001000s ]
NOTIC: [8] Undefined variable: retcatname C:\Users\sw\Desktop\StudyFoxShop\Application\Index\Common\function.php 第 10 行.
SQL: SELECT * FROM `studyfox_category` WHERE ( `cat_pid` = 309 ) ORDER BY cat_sort  [ RunTime:0.000000s ]
NOTIC: [8] Undefined variable: retcatname C:\Users\sw\Desktop\StudyFoxShop\Application\Index\Common\function.php 第 10 行.
SQL: SELECT * FROM `studyfox_category` WHERE ( `cat_pid` = 310 ) ORDER BY cat_sort  [ RunTime:0.001000s ]
NOTIC: [8] Undefined variable: retcatname C:\Users\sw\Desktop\StudyFoxShop\Application\Index\Common\function.php 第 10 行.
SQL: SELECT * FROM `studyfox_category` WHERE ( `cat_pid` = 311 ) ORDER BY cat_sort  [ RunTime:0.001000s ]
NOTIC: [8] Undefined variable: retcatname C:\Users\sw\Desktop\StudyFoxShop\Application\Index\Common\function.php 第 10 行.
NOTIC: [8] Undefined index: link C:\Users\sw\Desktop\StudyFoxShop\Application\Runtime\Cache\Index\fae002d197e3a4a1f573a3389e338a9a.php 第 172 行.
INFO: Run Behavior\ParseTemplateBehavior [ RunTime:0.189011s ]
INFO: [ view_parse ] --END-- [ RunTime:0.189011s ]
INFO: [ view_filter ] --START--
INFO: Run Behavior\WriteHtmlCacheBehavior [ RunTime:0.003000s ]
INFO: [ view_filter ] --END-- [ RunTime:0.003000s ]

[ 2015-03-18T10:22:48+08:00 ] 127.0.0.1 /
INFO: [ app_init ] --START--
INFO: Run Behavior\BuildLiteBehavior [ RunTime:0.000000s ]
INFO: [ app_init ] --END-- [ RunTime:0.001000s ]
INFO: [ app_begin ] --START--
INFO: Run Behavior\ReadHtmlCacheBehavior [ RunTime:0.000000s ]
INFO: [ app_begin ] --END-- [ RunTime:0.000000s ]
NOTIC: [8192] mysql_connect(): The mysql extension is deprecated and will be removed in the future: use mysqli or PDO instead C:\Users\sw\Desktop\StudyFoxShop\ThinkPHP\Library\Think\Db\Driver\Mysql.class.php 第 52 行.
SQL: SHOW COLUMNS FROM `studyfox_nav` [ RunTime:0.005000s ]
SQL: SELECT * FROM `studyfox_nav` WHERE ( `type` = 'top' ) ORDER BY sort  [ RunTime:0.000000s ]
SQL: SHOW COLUMNS FROM `studyfox_category` [ RunTime:0.003000s ]
SQL: SELECT * FROM `studyfox_category` WHERE ( cat_pid=0 ) ORDER BY cat_sort  [ RunTime:0.001000s ]
SQL: SELECT * FROM `studyfox_category` WHERE ( 1=1 AND cat_pid='1' ) ORDER BY cat_sort  [ RunTime:0.001001s ]
SQL: SHOW COLUMNS FROM `studyfox_ad` [ RunTime:0.004000s ]
SQL: SELECT * FROM `studyfox_ad` WHERE ( 1=1 AND cat_id='1' ) ORDER BY ad_sort  [ RunTime:0.001000s ]
SQL: SHOW COLUMNS FROM `studyfox_brand` [ RunTime:0.004000s ]
SQL: SELECT * FROM `studyfox_brand` WHERE ( 1=1 AND cat_id='1' ) ORDER BY brand_sort  [ RunTime:0.001000s ]
SQL: SELECT * FROM `studyfox_category` WHERE ( 1=1 AND cat_pid='130' ) ORDER BY cat_sort  [ RunTime:0.000000s ]
SQL: SELECT * FROM `studyfox_ad` WHERE ( 1=1 AND cat_id='130' ) ORDER BY ad_sort  [ RunTime:0.000000s ]
SQL: SELECT * FROM `studyfox_brand` WHERE ( 1=1 AND cat_id='130' ) ORDER BY brand_sort  [ RunTime:0.000000s ]
SQL: SELECT * FROM `studyfox_category` WHERE ( 1=1 AND cat_pid='76' ) ORDER BY cat_sort  [ RunTime:0.001000s ]
SQL: SELECT * FROM `studyfox_ad` WHERE ( 1=1 AND cat_id='76' ) ORDER BY ad_sort  [ RunTime:0.000000s ]
SQL: SELECT * FROM `studyfox_brand` WHERE ( 1=1 AND cat_id='76' ) ORDER BY brand_sort  [ RunTime:0.001000s ]
SQL: SELECT * FROM `studyfox_category` WHERE ( 1=1 AND cat_pid='131' ) ORDER BY cat_sort  [ RunTime:0.000000s ]
SQL: SELECT * FROM `studyfox_ad` WHERE ( 1=1 AND cat_id='131' ) ORDER BY ad_sort  [ RunTime:0.001000s ]
SQL: SELECT * FROM `studyfox_brand` WHERE ( 1=1 AND cat_id='131' ) ORDER BY brand_sort  [ RunTime:0.000000s ]
SQL: SELECT * FROM `studyfox_category` WHERE ( 1=1 AND cat_pid='132' ) ORDER BY cat_sort  [ RunTime:0.001000s ]
SQL: SELECT * FROM `studyfox_ad` WHERE ( 1=1 AND cat_id='132' ) ORDER BY ad_sort  [ RunTime:0.000000s ]
SQL: SELECT * FROM `studyfox_brand` WHERE ( 1=1 AND cat_id='132' ) ORDER BY brand_sort  [ RunTime:0.001000s ]
SQL: SELECT * FROM `studyfox_category` WHERE ( 1=1 AND cat_pid='133' ) ORDER BY cat_sort  [ RunTime:0.000000s ]
SQL: SELECT * FROM `studyfox_ad` WHERE ( 1=1 AND cat_id='133' ) ORDER BY ad_sort  [ RunTime:0.001001s ]
SQL: SELECT * FROM `studyfox_brand` WHERE ( 1=1 AND cat_id='133' ) ORDER BY brand_sort  [ RunTime:0.000000s ]
SQL: SELECT * FROM `studyfox_category` WHERE ( 1=1 AND cat_pid='134' ) ORDER BY cat_sort  [ RunTime:0.001000s ]
SQL: SELECT * FROM `studyfox_ad` WHERE ( 1=1 AND cat_id='134' ) ORDER BY ad_sort  [ RunTime:0.000000s ]
SQL: SELECT * FROM `studyfox_brand` WHERE ( 1=1 AND cat_id='134' ) ORDER BY brand_sort  [ RunTime:0.001000s ]
SQL: SELECT * FROM `studyfox_category` WHERE ( 1=1 AND cat_pid='135' ) ORDER BY cat_sort  [ RunTime:0.000000s ]
SQL: SELECT * FROM `studyfox_ad` WHERE ( 1=1 AND cat_id='135' ) ORDER BY ad_sort  [ RunTime:0.001000s ]
SQL: SELECT * FROM `studyfox_brand` WHERE ( 1=1 AND cat_id='135' ) ORDER BY brand_sort  [ RunTime:0.000000s ]
SQL: SELECT * FROM `studyfox_category` WHERE ( 1=1 AND cat_pid='136' ) ORDER BY cat_sort  [ RunTime:0.001000s ]
SQL: SELECT * FROM `studyfox_ad` WHERE ( 1=1 AND cat_id='136' ) ORDER BY ad_sort  [ RunTime:0.000000s ]
SQL: SELECT * FROM `studyfox_brand` WHERE ( 1=1 AND cat_id='136' ) ORDER BY brand_sort  [ RunTime:0.000000s ]
SQL: SELECT * FROM `studyfox_category` WHERE ( 1=1 AND cat_pid='137' ) ORDER BY cat_sort  [ RunTime:0.000000s ]
SQL: SELECT * FROM `studyfox_ad` WHERE ( 1=1 AND cat_id='137' ) ORDER BY ad_sort  [ RunTime:0.000000s ]
SQL: SELECT * FROM `studyfox_brand` WHERE ( 1=1 AND cat_id='137' ) ORDER BY brand_sort  [ RunTime:0.000000s ]
SQL: SELECT * FROM `studyfox_category` WHERE ( 1=1 AND cat_pid='138' ) ORDER BY cat_sort  [ RunTime:0.001000s ]
SQL: SELECT * FROM `studyfox_ad` WHERE ( 1=1 AND cat_id='138' ) ORDER BY ad_sort  [ RunTime:0.000000s ]
SQL: SELECT * FROM `studyfox_brand` WHERE ( 1=1 AND cat_id='138' ) ORDER BY brand_sort  [ RunTime:0.001000s ]
SQL: SELECT * FROM `studyfox_category` WHERE ( 1=1 AND cat_pid='139' ) ORDER BY cat_sort  [ RunTime:0.000000s ]
SQL: SELECT * FROM `studyfox_ad` WHERE ( 1=1 AND cat_id='139' ) ORDER BY ad_sort  [ RunTime:0.001000s ]
SQL: SELECT * FROM `studyfox_brand` WHERE ( 1=1 AND cat_id='139' ) ORDER BY brand_sort  [ RunTime:0.000000s ]
SQL: SELECT * FROM `studyfox_category` WHERE ( 1=1 AND cat_pid='140' ) ORDER BY cat_sort  [ RunTime:0.001000s ]
SQL: SELECT * FROM `studyfox_ad` WHERE ( 1=1 AND cat_id='140' ) ORDER BY ad_sort  [ RunTime:0.000000s ]
SQL: SELECT * FROM `studyfox_brand` WHERE ( 1=1 AND cat_id='140' ) ORDER BY brand_sort  [ RunTime:0.000000s ]
SQL: SHOW COLUMNS FROM `studyfox_ad` [ RunTime:0.004000s ]
SQL: SELECT * FROM `studyfox_ad` WHERE ( `ad_position` = 2 ) AND ( `ad_type` = 3 ) ORDER BY ad_sort LIMIT 6   [ RunTime:0.000000s ]
SQL: SELECT * FROM `studyfox_ad` WHERE ( `ad_show` = 1 ) AND ( `ad_position` = 3 ) AND ( `ad_type` = 2 ) ORDER BY ad_sort  [ RunTime:0.001000s ]
SQL: SELECT * FROM `studyfox_ad` WHERE ( `ad_position` = 4 ) AND ( `ad_type` = 2 ) AND ( `ad_show` = 1 ) ORDER BY rand() LIMIT 1   [ RunTime:0.000000s ]
SQL: SHOW COLUMNS FROM `studyfox_article` [ RunTime:0.004001s ]
SQL: SELECT * FROM `studyfox_article` ORDER BY article_sort desc  [ RunTime:0.000000s ]
SQL: SHOW COLUMNS FROM `studyfox_floor` [ RunTime:0.002000s ]
SQL: SELECT * FROM `studyfox_floor` WHERE ( pid=0 ) ORDER BY sort  [ RunTime:0.000000s ]
SQL: SELECT * FROM `studyfox_floor` WHERE ( 1=1 AND pid='1' ) ORDER BY sort  [ RunTime:0.000000s ]
SQL: SELECT * FROM `studyfox_floor` WHERE ( 1=1 AND pid='2' ) ORDER BY sort  [ RunTime:0.001000s ]
SQL: SELECT * FROM `studyfox_floor` WHERE ( 1=1 AND pid='3' ) ORDER BY sort  [ RunTime:0.000000s ]
SQL: SELECT * FROM `studyfox_floor` WHERE ( 1=1 AND pid='4' ) ORDER BY sort  [ RunTime:0.001000s ]
SQL: SELECT * FROM `studyfox_floor` WHERE ( 1=1 AND pid='5' ) ORDER BY sort  [ RunTime:0.000000s ]
SQL: SELECT * FROM `studyfox_floor` WHERE ( 1=1 AND pid='6' ) ORDER BY sort  [ RunTime:0.000000s ]
SQL: SELECT * FROM `studyfox_floor` WHERE ( 1=1 AND pid='7' ) ORDER BY sort  [ RunTime:0.000000s ]
SQL: SELECT * FROM `studyfox_floor` WHERE ( 1=1 AND pid='8' ) ORDER BY sort  [ RunTime:0.000000s ]
INFO: [ view_parse ] --START--
INFO: [ template_filter ] --START--
INFO: Run Behavior\ContentReplaceBehavior [ RunTime:0.000000s ]
INFO: [ template_filter ] --END-- [ RunTime:0.000000s ]
SQL: SHOW COLUMNS FROM `studyfox_category` [ RunTime:0.003000s ]
SQL: SELECT * FROM `studyfox_category` WHERE ( `cat_pid` = 2 ) ORDER BY cat_sort  [ RunTime:0.001000s ]
NOTIC: [8] Undefined variable: retcatname C:\Users\sw\Desktop\StudyFoxShop\Application\Index\Common\function.php 第 10 行.
SQL: SELECT * FROM `studyfox_category` WHERE ( `cat_pid` = 10 ) ORDER BY cat_sort  [ RunTime:0.001000s ]
NOTIC: [8] Undefined variable: retcatname C:\Users\sw\Desktop\StudyFoxShop\Application\Index\Common\function.php 第 10 行.
SQL: SELECT * FROM `studyfox_category` WHERE ( `cat_pid` = 17 ) ORDER BY cat_sort  [ RunTime:0.000000s ]
NOTIC: [8] Undefined variable: retcatname C:\Users\sw\Desktop\StudyFoxShop\Application\Index\Common\function.php 第 10 行.
SQL: SELECT * FROM `studyfox_category` WHERE ( `cat_pid` = 22 ) ORDER BY cat_sort  [ RunTime:0.000000s ]
NOTIC: [8] Undefined variable: retcatname C:\Users\sw\Desktop\StudyFoxShop\Application\Index\Common\function.php 第 10 行.
SQL: SELECT * FROM `studyfox_category` WHERE ( `cat_pid` = 28 ) ORDER BY cat_sort  [ RunTime:0.001000s ]
NOTIC: [8] Undefined variable: retcatname C:\Users\sw\Desktop\StudyFoxShop\Application\Index\Common\function.php 第 10 行.
SQL: SELECT * FROM `studyfox_category` WHERE ( `cat_pid` = 35 ) ORDER BY cat_sort  [ RunTime:0.001000s ]
NOTIC: [8] Undefined variable: retcatname C:\Users\sw\Desktop\StudyFoxShop\Application\Index\Common\function.php 第 10 行.
SQL: SELECT * FROM `studyfox_category` WHERE ( `cat_pid` = 40 ) ORDER BY cat_sort  [ RunTime:0.000000s ]
NOTIC: [8] Undefined variable: retcatname C:\Users\sw\Desktop\StudyFoxShop\Application\Index\Common\function.php 第 10 行.
SQL: SELECT * FROM `studyfox_category` WHERE ( `cat_pid` = 51 ) ORDER BY cat_sort  [ RunTime:0.001001s ]
NOTIC: [8] Undefined variable: retcatname C:\Users\sw\Desktop\StudyFoxShop\Application\Index\Common\function.php 第 10 行.
SQL: SELECT * FROM `studyfox_category` WHERE ( `cat_pid` = 60 ) ORDER BY cat_sort  [ RunTime:0.000000s ]
NOTIC: [8] Undefined variable: retcatname C:\Users\sw\Desktop\StudyFoxShop\Application\Index\Common\function.php 第 10 行.
SQL: SELECT * FROM `studyfox_category` WHERE ( `cat_pid` = 66 ) ORDER BY cat_sort  [ RunTime:0.000000s ]
NOTIC: [8] Undefined variable: retcatname C:\Users\sw\Desktop\StudyFoxShop\Application\Index\Common\function.php 第 10 行.
SQL: SELECT * FROM `studyfox_category` WHERE ( `cat_pid` = 70 ) ORDER BY cat_sort  [ RunTime:0.001000s ]
NOTIC: [8] Undefined variable: retcatname C:\Users\sw\Desktop\StudyFoxShop\Application\Index\Common\function.php 第 10 行.
SQL: SELECT * FROM `studyfox_category` WHERE ( `cat_pid` = 141 ) ORDER BY cat_sort  [ RunTime:0.000000s ]
NOTIC: [8] Undefined variable: retcatname C:\Users\sw\Desktop\StudyFoxShop\Application\Index\Common\function.php 第 10 行.
SQL: SELECT * FROM `studyfox_category` WHERE ( `cat_pid` = 154 ) ORDER BY cat_sort  [ RunTime:0.001000s ]
NOTIC: [8] Undefined variable: retcatname C:\Users\sw\Desktop\StudyFoxShop\Application\Index\Common\function.php 第 10 行.
SQL: SELECT * FROM `studyfox_category` WHERE ( `cat_pid` = 155 ) ORDER BY cat_sort  [ RunTime:0.001000s ]
NOTIC: [8] Undefined variable: retcatname C:\Users\sw\Desktop\StudyFoxShop\Application\Index\Common\function.php 第 10 行.
SQL: SELECT * FROM `studyfox_category` WHERE ( `cat_pid` = 156 ) ORDER BY cat_sort  [ RunTime:0.001000s ]
NOTIC: [8] Undefined variable: retcatname C:\Users\sw\Desktop\StudyFoxShop\Application\Index\Common\function.php 第 10 行.
SQL: SELECT * FROM `studyfox_category` WHERE ( `cat_pid` = 157 ) ORDER BY cat_sort  [ RunTime:0.000000s ]
NOTIC: [8] Undefined variable: retcatname C:\Users\sw\Desktop\StudyFoxShop\Application\Index\Common\function.php 第 10 行.
SQL: SELECT * FROM `studyfox_category` WHERE ( `cat_pid` = 77 ) ORDER BY cat_sort  [ RunTime:0.000000s ]
NOTIC: [8] Undefined variable: retcatname C:\Users\sw\Desktop\StudyFoxShop\Application\Index\Common\function.php 第 10 行.
SQL: SELECT * FROM `studyfox_category` WHERE ( `cat_pid` = 80 ) ORDER BY cat_sort  [ RunTime:0.001000s ]
NOTIC: [8] Undefined variable: retcatname C:\Users\sw\Desktop\StudyFoxShop\Application\Index\Common\function.php 第 10 行.
SQL: SELECT * FROM `studyfox_category` WHERE ( `cat_pid` = 84 ) ORDER BY cat_sort  [ RunTime:0.001000s ]
NOTIC: [8] Undefined variable: retcatname C:\Users\sw\Desktop\StudyFoxShop\Application\Index\Common\function.php 第 10 行.
SQL: SELECT * FROM `studyfox_category` WHERE ( `cat_pid` = 95 ) ORDER BY cat_sort  [ RunTime:0.000000s ]
NOTIC: [8] Undefined variable: retcatname C:\Users\sw\Desktop\StudyFoxShop\Application\Index\Common\function.php 第 10 行.
SQL: SELECT * FROM `studyfox_category` WHERE ( `cat_pid` = 102 ) ORDER BY cat_sort  [ RunTime:0.001000s ]
NOTIC: [8] Undefined variable: retcatname C:\Users\sw\Desktop\StudyFoxShop\Application\Index\Common\function.php 第 10 行.
SQL: SELECT * FROM `studyfox_category` WHERE ( `cat_pid` = 115 ) ORDER BY cat_sort  [ RunTime:0.001000s ]
NOTIC: [8] Undefined variable: retcatname C:\Users\sw\Desktop\StudyFoxShop\Application\Index\Common\function.php 第 10 行.
SQL: SELECT * FROM `studyfox_category` WHERE ( `cat_pid` = 223 ) ORDER BY cat_sort  [ RunTime:0.001000s ]
NOTIC: [8] Undefined variable: retcatname C:\Users\sw\Desktop\StudyFoxShop\Application\Index\Common\function.php 第 10 行.
SQL: SELECT * FROM `studyfox_category` WHERE ( `cat_pid` = 224 ) ORDER BY cat_sort  [ RunTime:0.000000s ]
NOTIC: [8] Undefined variable: retcatname C:\Users\sw\Desktop\StudyFoxShop\Application\Index\Common\function.php 第 10 行.
SQL: SELECT * FROM `studyfox_category` WHERE ( `cat_pid` = 225 ) ORDER BY cat_sort  [ RunTime:0.001000s ]
NOTIC: [8] Undefined variable: retcatname C:\Users\sw\Desktop\StudyFoxShop\Application\Index\Common\function.php 第 10 行.
SQL: SELECT * FROM `studyfox_category` WHERE ( `cat_pid` = 226 ) ORDER BY cat_sort  [ RunTime:0.001000s ]
NOTIC: [8] Undefined variable: retcatname C:\Users\sw\Desktop\StudyFoxShop\Application\Index\Common\function.php 第 10 行.
SQL: SELECT * FROM `studyfox_category` WHERE ( `cat_pid` = 227 ) ORDER BY cat_sort  [ RunTime:0.000000s ]
NOTIC: [8] Undefined variable: retcatname C:\Users\sw\Desktop\StudyFoxShop\Application\Index\Common\function.php 第 10 行.
SQL: SELECT * FROM `studyfox_category` WHERE ( `cat_pid` = 228 ) ORDER BY cat_sort  [ RunTime:0.000000s ]
NOTIC: [8] Undefined variable: retcatname C:\Users\sw\Desktop\StudyFoxShop\Application\Index\Common\function.php 第 10 行.
SQL: SELECT * FROM `studyfox_category` WHERE ( `cat_pid` = 229 ) ORDER BY cat_sort  [ RunTime:0.001000s ]
NOTIC: [8] Undefined variable: retcatname C:\Users\sw\Desktop\StudyFoxShop\Application\Index\Common\function.php 第 10 行.
SQL: SELECT * FROM `studyfox_category` WHERE ( `cat_pid` = 352 ) ORDER BY cat_sort  [ RunTime:0.001000s ]
NOTIC: [8] Undefined variable: retcatname C:\Users\sw\Desktop\StudyFoxShop\Application\Index\Common\function.php 第 10 行.
SQL: SELECT * FROM `studyfox_category` WHERE ( `cat_pid` = 353 ) ORDER BY cat_sort  [ RunTime:0.001001s ]
NOTIC: [8] Undefined variable: retcatname C:\Users\sw\Desktop\StudyFoxShop\Application\Index\Common\function.php 第 10 行.
SQL: SELECT * FROM `studyfox_category` WHERE ( `cat_pid` = 354 ) ORDER BY cat_sort  [ RunTime:0.000000s ]
NOTIC: [8] Undefined variable: retcatname C:\Users\sw\Desktop\StudyFoxShop\Application\Index\Common\function.php 第 10 行.
SQL: SELECT * FROM `studyfox_category` WHERE ( `cat_pid` = 355 ) ORDER BY cat_sort  [ RunTime:0.000000s ]
NOTIC: [8] Undefined variable: retcatname C:\Users\sw\Desktop\StudyFoxShop\Application\Index\Common\function.php 第 10 行.
SQL: SELECT * FROM `studyfox_category` WHERE ( `cat_pid` = 356 ) ORDER BY cat_sort  [ RunTime:0.001000s ]
NOTIC: [8] Undefined variable: retcatname C:\Users\sw\Desktop\StudyFoxShop\Application\Index\Common\function.php 第 10 行.
SQL: SELECT * FROM `studyfox_category` WHERE ( `cat_pid` = 357 ) ORDER BY cat_sort  [ RunTime:0.001000s ]
NOTIC: [8] Undefined variable: retcatname C:\Users\sw\Desktop\StudyFoxShop\Application\Index\Common\function.php 第 10 行.
SQL: SELECT * FROM `studyfox_category` WHERE ( `cat_pid` = 358 ) ORDER BY cat_sort  [ RunTime:0.000000s ]
NOTIC: [8] Undefined variable: retcatname C:\Users\sw\Desktop\StudyFoxShop\Application\Index\Common\function.php 第 10 行.
SQL: SELECT * FROM `studyfox_category` WHERE ( `cat_pid` = 359 ) ORDER BY cat_sort  [ RunTime:0.001000s ]
NOTIC: [8] Undefined variable: retcatname C:\Users\sw\Desktop\StudyFoxShop\Application\Index\Common\function.php 第 10 行.
SQL: SELECT * FROM `studyfox_category` WHERE ( `cat_pid` = 360 ) ORDER BY cat_sort  [ RunTime:0.001000s ]
NOTIC: [8] Undefined variable: retcatname C:\Users\sw\Desktop\StudyFoxShop\Application\Index\Common\function.php 第 10 行.
SQL: SELECT * FROM `studyfox_category` WHERE ( `cat_pid` = 435 ) ORDER BY cat_sort  [ RunTime:0.000000s ]
NOTIC: [8] Undefined variable: retcatname C:\Users\sw\Desktop\StudyFoxShop\Application\Index\Common\function.php 第 10 行.
SQL: SELECT * FROM `studyfox_category` WHERE ( `cat_pid` = 436 ) ORDER BY cat_sort  [ RunTime:0.000000s ]
NOTIC: [8] Undefined variable: retcatname C:\Users\sw\Desktop\StudyFoxShop\Application\Index\Common\function.php 第 10 行.
SQL: SELECT * FROM `studyfox_category` WHERE ( `cat_pid` = 437 ) ORDER BY cat_sort  [ RunTime:0.001000s ]
NOTIC: [8] Undefined variable: retcatname C:\Users\sw\Desktop\StudyFoxShop\Application\Index\Common\function.php 第 10 行.
SQL: SELECT * FROM `studyfox_category` WHERE ( `cat_pid` = 438 ) ORDER BY cat_sort  [ RunTime:0.001000s ]
NOTIC: [8] Undefined variable: retcatname C:\Users\sw\Desktop\StudyFoxShop\Application\Index\Common\function.php 第 10 行.
SQL: SELECT * FROM `studyfox_category` WHERE ( `cat_pid` = 439 ) ORDER BY cat_sort  [ RunTime:0.000000s ]
NOTIC: [8] Undefined variable: retcatname C:\Users\sw\Desktop\StudyFoxShop\Application\Index\Common\function.php 第 10 行.
SQL: SELECT * FROM `studyfox_category` WHERE ( `cat_pid` = 440 ) ORDER BY cat_sort  [ RunTime:0.001000s ]
NOTIC: [8] Undefined variable: retcatname C:\Users\sw\Desktop\StudyFoxShop\Application\Index\Common\function.php 第 10 行.
SQL: SELECT * FROM `studyfox_category` WHERE ( `cat_pid` = 441 ) ORDER BY cat_sort  [ RunTime:0.000000s ]
NOTIC: [8] Undefined variable: retcatname C:\Users\sw\Desktop\StudyFoxShop\Application\Index\Common\function.php 第 10 行.
SQL: SELECT * FROM `studyfox_category` WHERE ( `cat_pid` = 442 ) ORDER BY cat_sort  [ RunTime:0.000000s ]
NOTIC: [8] Undefined variable: retcatname C:\Users\sw\Desktop\StudyFoxShop\Application\Index\Common\function.php 第 10 行.
SQL: SELECT * FROM `studyfox_category` WHERE ( `cat_pid` = 559 ) ORDER BY cat_sort  [ RunTime:0.001000s ]
NOTIC: [8] Undefined variable: retcatname C:\Users\sw\Desktop\StudyFoxShop\Application\Index\Common\function.php 第 10 行.
SQL: SELECT * FROM `studyfox_category` WHERE ( `cat_pid` = 560 ) ORDER BY cat_sort  [ RunTime:0.001000s ]
NOTIC: [8] Undefined variable: retcatname C:\Users\sw\Desktop\StudyFoxShop\Application\Index\Common\function.php 第 10 行.
SQL: SELECT * FROM `studyfox_category` WHERE ( `cat_pid` = 561 ) ORDER BY cat_sort  [ RunTime:0.000000s ]
NOTIC: [8] Undefined variable: retcatname C:\Users\sw\Desktop\StudyFoxShop\Application\Index\Common\function.php 第 10 行.
SQL: SELECT * FROM `studyfox_category` WHERE ( `cat_pid` = 562 ) ORDER BY cat_sort  [ RunTime:0.001000s ]
NOTIC: [8] Undefined variable: retcatname C:\Users\sw\Desktop\StudyFoxShop\Application\Index\Common\function.php 第 10 行.
SQL: SELECT * FROM `studyfox_category` WHERE ( `cat_pid` = 563 ) ORDER BY cat_sort  [ RunTime:0.001000s ]
NOTIC: [8] Undefined variable: retcatname C:\Users\sw\Desktop\StudyFoxShop\Application\Index\Common\function.php 第 10 行.
SQL: SELECT * FROM `studyfox_category` WHERE ( `cat_pid` = 564 ) ORDER BY cat_sort  [ RunTime:0.000000s ]
NOTIC: [8] Undefined variable: retcatname C:\Users\sw\Desktop\StudyFoxShop\Application\Index\Common\function.php 第 10 行.
SQL: SELECT * FROM `studyfox_category` WHERE ( `cat_pid` = 565 ) ORDER BY cat_sort  [ RunTime:0.001000s ]
NOTIC: [8] Undefined variable: retcatname C:\Users\sw\Desktop\StudyFoxShop\Application\Index\Common\function.php 第 10 行.
SQL: SELECT * FROM `studyfox_category` WHERE ( `cat_pid` = 618 ) ORDER BY cat_sort  [ RunTime:0.001000s ]
NOTIC: [8] Undefined variable: retcatname C:\Users\sw\Desktop\StudyFoxShop\Application\Index\Common\function.php 第 10 行.
SQL: SELECT * FROM `studyfox_category` WHERE ( `cat_pid` = 619 ) ORDER BY cat_sort  [ RunTime:0.001001s ]
NOTIC: [8] Undefined variable: retcatname C:\Users\sw\Desktop\StudyFoxShop\Application\Index\Common\function.php 第 10 行.
SQL: SELECT * FROM `studyfox_category` WHERE ( `cat_pid` = 620 ) ORDER BY cat_sort  [ RunTime:0.000000s ]
NOTIC: [8] Undefined variable: retcatname C:\Users\sw\Desktop\StudyFoxShop\Application\Index\Common\function.php 第 10 行.
SQL: SELECT * FROM `studyfox_category` WHERE ( `cat_pid` = 621 ) ORDER BY cat_sort  [ RunTime:0.000000s ]
NOTIC: [8] Undefined variable: retcatname C:\Users\sw\Desktop\StudyFoxShop\Application\Index\Common\function.php 第 10 行.
SQL: SELECT * FROM `studyfox_category` WHERE ( `cat_pid` = 622 ) ORDER BY cat_sort  [ RunTime:0.001000s ]
NOTIC: [8] Undefined variable: retcatname C:\Users\sw\Desktop\StudyFoxShop\Application\Index\Common\function.php 第 10 行.
SQL: SELECT * FROM `studyfox_category` WHERE ( `cat_pid` = 623 ) ORDER BY cat_sort  [ RunTime:0.000000s ]
NOTIC: [8] Undefined variable: retcatname C:\Users\sw\Desktop\StudyFoxShop\Application\Index\Common\function.php 第 10 行.
SQL: SELECT * FROM `studyfox_category` WHERE ( `cat_pid` = 624 ) ORDER BY cat_sort  [ RunTime:0.000000s ]
NOTIC: [8] Undefined variable: retcatname C:\Users\sw\Desktop\StudyFoxShop\Application\Index\Common\function.php 第 10 行.
SQL: SELECT * FROM `studyfox_category` WHERE ( `cat_pid` = 625 ) ORDER BY cat_sort  [ RunTime:0.001000s ]
NOTIC: [8] Undefined variable: retcatname C:\Users\sw\Desktop\StudyFoxShop\Application\Index\Common\function.php 第 10 行.
SQL: SELECT * FROM `studyfox_category` WHERE ( `cat_pid` = 689 ) ORDER BY cat_sort  [ RunTime:0.001000s ]
NOTIC: [8] Undefined variable: retcatname C:\Users\sw\Desktop\StudyFoxShop\Application\Index\Common\function.php 第 10 行.
SQL: SELECT * FROM `studyfox_category` WHERE ( `cat_pid` = 690 ) ORDER BY cat_sort  [ RunTime:0.000000s ]
NOTIC: [8] Undefined variable: retcatname C:\Users\sw\Desktop\StudyFoxShop\Application\Index\Common\function.php 第 10 行.
SQL: SELECT * FROM `studyfox_category` WHERE ( `cat_pid` = 691 ) ORDER BY cat_sort  [ RunTime:0.001000s ]
NOTIC: [8] Undefined variable: retcatname C:\Users\sw\Desktop\StudyFoxShop\Application\Index\Common\function.php 第 10 行.
SQL: SELECT * FROM `studyfox_category` WHERE ( `cat_pid` = 692 ) ORDER BY cat_sort  [ RunTime:0.001000s ]
NOTIC: [8] Undefined variable: retcatname C:\Users\sw\Desktop\StudyFoxShop\Application\Index\Common\function.php 第 10 行.
SQL: SELECT * FROM `studyfox_category` WHERE ( `cat_pid` = 693 ) ORDER BY cat_sort  [ RunTime:0.000000s ]
NOTIC: [8] Undefined variable: retcatname C:\Users\sw\Desktop\StudyFoxShop\Application\Index\Common\function.php 第 10 行.
SQL: SELECT * FROM `studyfox_category` WHERE ( `cat_pid` = 694 ) ORDER BY cat_sort  [ RunTime:0.001000s ]
NOTIC: [8] Undefined variable: retcatname C:\Users\sw\Desktop\StudyFoxShop\Application\Index\Common\function.php 第 10 行.
SQL: SELECT * FROM `studyfox_category` WHERE ( `cat_pid` = 695 ) ORDER BY cat_sort  [ RunTime:0.001000s ]
NOTIC: [8] Undefined variable: retcatname C:\Users\sw\Desktop\StudyFoxShop\Application\Index\Common\function.php 第 10 行.
SQL: SELECT * FROM `studyfox_category` WHERE ( `cat_pid` = 696 ) ORDER BY cat_sort  [ RunTime:0.000000s ]
NOTIC: [8] Undefined variable: retcatname C:\Users\sw\Desktop\StudyFoxShop\Application\Index\Common\function.php 第 10 行.
SQL: SELECT * FROM `studyfox_category` WHERE ( `cat_pid` = 756 ) ORDER BY cat_sort  [ RunTime:0.001000s ]
NOTIC: [8] Undefined variable: retcatname C:\Users\sw\Desktop\StudyFoxShop\Application\Index\Common\function.php 第 10 行.
SQL: SELECT * FROM `studyfox_category` WHERE ( `cat_pid` = 757 ) ORDER BY cat_sort  [ RunTime:0.001000s ]
NOTIC: [8] Undefined variable: retcatname C:\Users\sw\Desktop\StudyFoxShop\Application\Index\Common\function.php 第 10 行.
SQL: SELECT * FROM `studyfox_category` WHERE ( `cat_pid` = 758 ) ORDER BY cat_sort  [ RunTime:0.001000s ]
NOTIC: [8] Undefined variable: retcatname C:\Users\sw\Desktop\StudyFoxShop\Application\Index\Common\function.php 第 10 行.
SQL: SELECT * FROM `studyfox_category` WHERE ( `cat_pid` = 759 ) ORDER BY cat_sort  [ RunTime:0.000000s ]
NOTIC: [8] Undefined variable: retcatname C:\Users\sw\Desktop\StudyFoxShop\Application\Index\Common\function.php 第 10 行.
SQL: SELECT * FROM `studyfox_category` WHERE ( `cat_pid` = 760 ) ORDER BY cat_sort  [ RunTime:0.001000s ]
NOTIC: [8] Undefined variable: retcatname C:\Users\sw\Desktop\StudyFoxShop\Application\Index\Common\function.php 第 10 行.
SQL: SELECT * FROM `studyfox_category` WHERE ( `cat_pid` = 761 ) ORDER BY cat_sort  [ RunTime:0.001000s ]
NOTIC: [8] Undefined variable: retcatname C:\Users\sw\Desktop\StudyFoxShop\Application\Index\Common\function.php 第 10 行.
SQL: SELECT * FROM `studyfox_category` WHERE ( `cat_pid` = 762 ) ORDER BY cat_sort  [ RunTime:0.000000s ]
NOTIC: [8] Undefined variable: retcatname C:\Users\sw\Desktop\StudyFoxShop\Application\Index\Common\function.php 第 10 行.
SQL: SELECT * FROM `studyfox_category` WHERE ( `cat_pid` = 850 ) ORDER BY cat_sort  [ RunTime:0.001000s ]
NOTIC: [8] Undefined variable: retcatname C:\Users\sw\Desktop\StudyFoxShop\Application\Index\Common\function.php 第 10 行.
SQL: SELECT * FROM `studyfox_category` WHERE ( `cat_pid` = 851 ) ORDER BY cat_sort  [ RunTime:0.001000s ]
NOTIC: [8] Undefined variable: retcatname C:\Users\sw\Desktop\StudyFoxShop\Application\Index\Common\function.php 第 10 行.
SQL: SELECT * FROM `studyfox_category` WHERE ( `cat_pid` = 852 ) ORDER BY cat_sort  [ RunTime:0.000000s ]
NOTIC: [8] Undefined variable: retcatname C:\Users\sw\Desktop\StudyFoxShop\Application\Index\Common\function.php 第 10 行.
SQL: SELECT * FROM `studyfox_category` WHERE ( `cat_pid` = 853 ) ORDER BY cat_sort  [ RunTime:0.001000s ]
NOTIC: [8] Undefined variable: retcatname C:\Users\sw\Desktop\StudyFoxShop\Application\Index\Common\function.php 第 10 行.
SQL: SELECT * FROM `studyfox_category` WHERE ( `cat_pid` = 854 ) ORDER BY cat_sort  [ RunTime:0.001001s ]
NOTIC: [8] Undefined variable: retcatname C:\Users\sw\Desktop\StudyFoxShop\Application\Index\Common\function.php 第 10 行.
SQL: SELECT * FROM `studyfox_category` WHERE ( `cat_pid` = 855 ) ORDER BY cat_sort  [ RunTime:0.000000s ]
NOTIC: [8] Undefined variable: retcatname C:\Users\sw\Desktop\StudyFoxShop\Application\Index\Common\function.php 第 10 行.
SQL: SELECT * FROM `studyfox_category` WHERE ( `cat_pid` = 856 ) ORDER BY cat_sort  [ RunTime:0.001000s ]
NOTIC: [8] Undefined variable: retcatname C:\Users\sw\Desktop\StudyFoxShop\Application\Index\Common\function.php 第 10 行.
SQL: SELECT * FROM `studyfox_category` WHERE ( `cat_pid` = 857 ) ORDER BY cat_sort  [ RunTime:0.001000s ]
NOTIC: [8] Undefined variable: retcatname C:\Users\sw\Desktop\StudyFoxShop\Application\Index\Common\function.php 第 10 行.
SQL: SELECT * FROM `studyfox_category` WHERE ( `cat_pid` = 858 ) ORDER BY cat_sort  [ RunTime:0.000000s ]
NOTIC: [8] Undefined variable: retcatname C:\Users\sw\Desktop\StudyFoxShop\Application\Index\Common\function.php 第 10 行.
SQL: SELECT * FROM `studyfox_category` WHERE ( `cat_pid` = 935 ) ORDER BY cat_sort  [ RunTime:0.000000s ]
NOTIC: [8] Undefined variable: retcatname C:\Users\sw\Desktop\StudyFoxShop\Application\Index\Common\function.php 第 10 行.
SQL: SELECT * FROM `studyfox_category` WHERE ( `cat_pid` = 936 ) ORDER BY cat_sort  [ RunTime:0.001000s ]
NOTIC: [8] Undefined variable: retcatname C:\Users\sw\Desktop\StudyFoxShop\Application\Index\Common\function.php 第 10 行.
SQL: SELECT * FROM `studyfox_category` WHERE ( `cat_pid` = 937 ) ORDER BY cat_sort  [ RunTime:0.000000s ]
NOTIC: [8] Undefined variable: retcatname C:\Users\sw\Desktop\StudyFoxShop\Application\Index\Common\function.php 第 10 行.
SQL: SELECT * FROM `studyfox_category` WHERE ( `cat_pid` = 938 ) ORDER BY cat_sort  [ RunTime:0.000000s ]
NOTIC: [8] Undefined variable: retcatname C:\Users\sw\Desktop\StudyFoxShop\Application\Index\Common\function.php 第 10 行.
SQL: SELECT * FROM `studyfox_category` WHERE ( `cat_pid` = 939 ) ORDER BY cat_sort  [ RunTime:0.001000s ]
NOTIC: [8] Undefined variable: retcatname C:\Users\sw\Desktop\StudyFoxShop\Application\Index\Common\function.php 第 10 行.
SQL: SELECT * FROM `studyfox_category` WHERE ( `cat_pid` = 940 ) ORDER BY cat_sort  [ RunTime:0.000000s ]
NOTIC: [8] Undefined variable: retcatname C:\Users\sw\Desktop\StudyFoxShop\Application\Index\Common\function.php 第 10 行.
SQL: SELECT * FROM `studyfox_category` WHERE ( `cat_pid` = 941 ) ORDER BY cat_sort  [ RunTime:0.001000s ]
NOTIC: [8] Undefined variable: retcatname C:\Users\sw\Desktop\StudyFoxShop\Application\Index\Common\function.php 第 10 行.
SQL: SELECT * FROM `studyfox_category` WHERE ( `cat_pid` = 942 ) ORDER BY cat_sort  [ RunTime:0.001000s ]
NOTIC: [8] Undefined variable: retcatname C:\Users\sw\Desktop\StudyFoxShop\Application\Index\Common\function.php 第 10 行.
SQL: SELECT * FROM `studyfox_category` WHERE ( `cat_pid` = 943 ) ORDER BY cat_sort  [ RunTime:0.000000s ]
NOTIC: [8] Undefined variable: retcatname C:\Users\sw\Desktop\StudyFoxShop\Application\Index\Common\function.php 第 10 行.
SQL: SELECT * FROM `studyfox_category` WHERE ( `cat_pid` = 944 ) ORDER BY cat_sort  [ RunTime:0.001000s ]
NOTIC: [8] Undefined variable: retcatname C:\Users\sw\Desktop\StudyFoxShop\Application\Index\Common\function.php 第 10 行.
SQL: SELECT * FROM `studyfox_category` WHERE ( `cat_pid` = 303 ) ORDER BY cat_sort  [ RunTime:0.001000s ]
NOTIC: [8] Undefined variable: retcatname C:\Users\sw\Desktop\StudyFoxShop\Application\Index\Common\function.php 第 10 行.
SQL: SELECT * FROM `studyfox_category` WHERE ( `cat_pid` = 304 ) ORDER BY cat_sort  [ RunTime:0.000000s ]
NOTIC: [8] Undefined variable: retcatname C:\Users\sw\Desktop\StudyFoxShop\Application\Index\Common\function.php 第 10 行.
SQL: SELECT * FROM `studyfox_category` WHERE ( `cat_pid` = 305 ) ORDER BY cat_sort  [ RunTime:0.000000s ]
NOTIC: [8] Undefined variable: retcatname C:\Users\sw\Desktop\StudyFoxShop\Application\Index\Common\function.php 第 10 行.
SQL: SELECT * FROM `studyfox_category` WHERE ( `cat_pid` = 306 ) ORDER BY cat_sort  [ RunTime:0.000000s ]
NOTIC: [8] Undefined variable: retcatname C:\Users\sw\Desktop\StudyFoxShop\Application\Index\Common\function.php 第 10 行.
SQL: SELECT * FROM `studyfox_category` WHERE ( `cat_pid` = 307 ) ORDER BY cat_sort  [ RunTime:0.001000s ]
NOTIC: [8] Undefined variable: retcatname C:\Users\sw\Desktop\StudyFoxShop\Application\Index\Common\function.php 第 10 行.
SQL: SELECT * FROM `studyfox_category` WHERE ( `cat_pid` = 308 ) ORDER BY cat_sort  [ RunTime:0.001000s ]
NOTIC: [8] Undefined variable: retcatname C:\Users\sw\Desktop\StudyFoxShop\Application\Index\Common\function.php 第 10 行.
SQL: SELECT * FROM `studyfox_category` WHERE ( `cat_pid` = 309 ) ORDER BY cat_sort  [ RunTime:0.000000s ]
NOTIC: [8] Undefined variable: retcatname C:\Users\sw\Desktop\StudyFoxShop\Application\Index\Common\function.php 第 10 行.
SQL: SELECT * FROM `studyfox_category` WHERE ( `cat_pid` = 310 ) ORDER BY cat_sort  [ RunTime:0.001000s ]
NOTIC: [8] Undefined variable: retcatname C:\Users\sw\Desktop\StudyFoxShop\Application\Index\Common\function.php 第 10 行.
SQL: SELECT * FROM `studyfox_category` WHERE ( `cat_pid` = 311 ) ORDER BY cat_sort  [ RunTime:0.000000s ]
NOTIC: [8] Undefined variable: retcatname C:\Users\sw\Desktop\StudyFoxShop\Application\Index\Common\function.php 第 10 行.
NOTIC: [8] Undefined index: link C:\Users\sw\Desktop\StudyFoxShop\Application\Runtime\Cache\Index\fae002d197e3a4a1f573a3389e338a9a.php 第 172 行.
INFO: Run Behavior\ParseTemplateBehavior [ RunTime:0.131008s ]
INFO: [ view_parse ] --END-- [ RunTime:0.131008s ]
INFO: [ view_filter ] --START--
INFO: Run Behavior\WriteHtmlCacheBehavior [ RunTime:0.001000s ]
INFO: [ view_filter ] --END-- [ RunTime:0.001000s ]
INFO: [ app_end ] --START--
INFO: Run Behavior\ShowPageTraceBehavior [ RunTime:0.006000s ]
INFO: [ app_end ] --END-- [ RunTime:0.006000s ]

